1:M 16 Jan 21:55:05.349 # WARNING: The TCP backlog setting of 511 cannot be enforced because /proc/sys/net/core/somaxconn is set to the lower value of 128.
1:M 16 Jan 21:55:05.349 # Server started, Redis version 3.2.11
1:M 16 Jan 21:55:05.349 # WARNING overcommit_memory is set to 0! Background save may fail under low memory condition. To fix this issue add 'vm.overcommit_memory = 1' to /etc/sysctl.conf and then reboot or run the command 'sysctl vm.overcommit_memory=1' for this to take effect.
1:M 16 Jan 21:55:05.349 # WARNING you have Transparent Huge Pages (THP) support enabled in your kernel. This will create latency and memory usage issues with Redis. To fix this issue run the command 'echo never > /sys/kernel/mm/transparent_hugepage/enabled' as root, and add it to your /etc/rc.local in order to retain the setting after a reboot. Redis must be restarted after THP is disabled.
1:signal-handler (1516111322) Received SIGTERM scheduling shutdown...
1:M 16 Jan 22:02:02.882 # User requested shutdown...
1:M 16 Jan 22:02:05.098 # Redis is now ready to exit, bye bye...
1:M 17 Jan 12:43:54.525 # WARNING: The TCP backlog setting of 511 cannot be enforced because /proc/sys/net/core/somaxconn is set to the lower value of 128.
1:M 17 Jan 12:43:54.545 # Server started, Redis version 3.2.11
1:M 17 Jan 12:43:54.545 # WARNING overcommit_memory is set to 0! Background save may fail under low memory condition. To fix this issue add 'vm.overcommit_memory = 1' to /etc/sysctl.conf and then reboot or run the command 'sysctl vm.overcommit_memory=1' for this to take effect.
1:M 17 Jan 12:43:54.545 # WARNING you have Transparent Huge Pages (THP) support enabled in your kernel. This will create latency and memory usage issues with Redis. To fix this issue run the command 'echo never > /sys/kernel/mm/transparent_hugepage/enabled' as root, and add it to your /etc/rc.local in order to retain the setting after a reboot. Redis must be restarted after THP is disabled.
1:signal-handler (1516167511) Received SIGTERM scheduling shutdown...
1:M 17 Jan 13:38:31.023 # User requested shutdown...
1:M 17 Jan 13:38:31.056 # Redis is now ready to exit, bye bye...
1:M 17 Jan 13:38:32.845 # WARNING: The TCP backlog setting of 511 cannot be enforced because /proc/sys/net/core/somaxconn is set to the lower value of 128.
1:M 17 Jan 13:38:32.846 # Server started, Redis version 3.2.11
1:M 17 Jan 13:38:32.846 # WARNING overcommit_memory is set to 0! Background save may fail under low memory condition. To fix this issue add 'vm.overcommit_memory = 1' to /etc/sysctl.conf and then reboot or run the command 'sysctl vm.overcommit_memory=1' for this to take effect.
1:M 17 Jan 13:38:32.846 # WARNING you have Transparent Huge Pages (THP) support enabled in your kernel. This will create latency and memory usage issues with Redis. To fix this issue run the command 'echo never > /sys/kernel/mm/transparent_hugepage/enabled' as root, and add it to your /etc/rc.local in order to retain the setting after a reboot. Redis must be restarted after THP is disabled.
1:signal-handler (1516167813) Received SIGTERM scheduling shutdown...
1:M 17 Jan 13:43:33.999 # User requested shutdown...
1:M 17 Jan 13:43:34.188 # Redis is now ready to exit, bye bye...
1:M 17 Jan 15:00:43.512 # WARNING: The TCP backlog setting of 511 cannot be enforced because /proc/sys/net/core/somaxconn is set to the lower value of 128.
1:M 17 Jan 15:00:43.512 # Server started, Redis version 3.2.11
1:M 17 Jan 15:00:43.512 # WARNING overcommit_memory is set to 0! Background save may fail under low memory condition. To fix this issue add 'vm.overcommit_memory = 1' to /etc/sysctl.conf and then reboot or run the command 'sysctl vm.overcommit_memory=1' for this to take effect.
1:M 17 Jan 15:00:43.512 # WARNING you have Transparent Huge Pages (THP) support enabled in your kernel. This will create latency and memory usage issues with Redis. To fix this issue run the command 'echo never > /sys/kernel/mm/transparent_hugepage/enabled' as root, and add it to your /etc/rc.local in order to retain the setting after a reboot. Redis must be restarted after THP is disabled.
1:M 18 Jan 16:09:57.915 # WARNING: The TCP backlog setting of 511 cannot be enforced because /proc/sys/net/core/somaxconn is set to the lower value of 128.
1:M 18 Jan 16:09:57.921 # Server started, Redis version 3.2.11
1:M 18 Jan 16:09:57.921 # WARNING overcommit_memory is set to 0! Background save may fail under low memory condition. To fix this issue add 'vm.overcommit_memory = 1' to /etc/sysctl.conf and then reboot or run the command 'sysctl vm.overcommit_memory=1' for this to take effect.
1:M 18 Jan 16:09:57.922 # WARNING you have Transparent Huge Pages (THP) support enabled in your kernel. This will create latency and memory usage issues with Redis. To fix this issue run the command 'echo never > /sys/kernel/mm/transparent_hugepage/enabled' as root, and add it to your /etc/rc.local in order to retain the setting after a reboot. Redis must be restarted after THP is disabled.
1:signal-handler (1516280823) Received SIGTERM scheduling shutdown...
1:M 18 Jan 21:07:03.793 # User requested shutdown...
1:M 18 Jan 21:07:04.337 # Redis is now ready to exit, bye bye...
1:M 23 Jan 14:19:44.834 # WARNING: The TCP backlog setting of 511 cannot be enforced because /proc/sys/net/core/somaxconn is set to the lower value of 128.
1:M 23 Jan 14:19:44.846 # Server started, Redis version 3.2.11
1:M 23 Jan 14:19:44.846 # WARNING overcommit_memory is set to 0! Background save may fail under low memory condition. To fix this issue add 'vm.overcommit_memory = 1' to /etc/sysctl.conf and then reboot or run the command 'sysctl vm.overcommit_memory=1' for this to take effect.
1:M 23 Jan 14:19:44.847 # WARNING you have Transparent Huge Pages (THP) support enabled in your kernel. This will create latency and memory usage issues with Redis. To fix this issue run the command 'echo never > /sys/kernel/mm/transparent_hugepage/enabled' as root, and add it to your /etc/rc.local in order to retain the setting after a reboot. Redis must be restarted after THP is disabled.
1:signal-handler (1517192587) Received SIGTERM scheduling shutdown...
1:M 29 Jan 10:23:07.743 # User requested shutdown...
1:M 29 Jan 10:23:07.834 # Redis is now ready to exit, bye bye...
1:M 29 Jan 10:24:19.543 # WARNING: The TCP backlog setting of 511 cannot be enforced because /proc/sys/net/core/somaxconn is set to the lower value of 128.
1:M 29 Jan 10:24:19.544 # Server started, Redis version 3.2.11
1:M 29 Jan 10:24:19.544 # WARNING overcommit_memory is set to 0! Background save may fail under low memory condition. To fix this issue add 'vm.overcommit_memory = 1' to /etc/sysctl.conf and then reboot or run the command 'sysctl vm.overcommit_memory=1' for this to take effect.
1:M 29 Jan 10:24:19.568 # WARNING you have Transparent Huge Pages (THP) support enabled in your kernel. This will create latency and memory usage issues with Redis. To fix this issue run the command 'echo never > /sys/kernel/mm/transparent_hugepage/enabled' as root, and add it to your /etc/rc.local in order to retain the setting after a reboot. Redis must be restarted after THP is disabled.
1:signal-handler (1517195097) Received SIGTERM scheduling shutdown...
1:M 29 Jan 11:04:57.879 # User requested shutdown...
1:M 29 Jan 11:04:57.898 # Redis is now ready to exit, bye bye...
1:M 29 Jan 11:05:07.254 # WARNING: The TCP backlog setting of 511 cannot be enforced because /proc/sys/net/core/somaxconn is set to the lower value of 128.
1:M 29 Jan 11:05:07.254 # Server started, Redis version 3.2.11
1:M 29 Jan 11:05:07.254 # WARNING overcommit_memory is set to 0! Background save may fail under low memory condition. To fix this issue add 'vm.overcommit_memory = 1' to /etc/sysctl.conf and then reboot or run the command 'sysctl vm.overcommit_memory=1' for this to take effect.
1:M 29 Jan 11:05:07.254 # WARNING you have Transparent Huge Pages (THP) support enabled in your kernel. This will create latency and memory usage issues with Redis. To fix this issue run the command 'echo never > /sys/kernel/mm/transparent_hugepage/enabled' as root, and add it to your /etc/rc.local in order to retain the setting after a reboot. Redis must be restarted after THP is disabled.
1:signal-handler (1517195726) Received SIGTERM scheduling shutdown...
1:M 29 Jan 11:15:26.898 # User requested shutdown...
1:M 29 Jan 11:15:26.900 # Redis is now ready to exit, bye bye...
1:M 29 Jan 11:18:46.039 # WARNING: The TCP backlog setting of 511 cannot be enforced because /proc/sys/net/core/somaxconn is set to the lower value of 128.
1:M 29 Jan 11:18:46.039 # Server started, Redis version 3.2.11
1:M 29 Jan 11:18:46.039 # WARNING overcommit_memory is set to 0! Background save may fail under low memory condition. To fix this issue add 'vm.overcommit_memory = 1' to /etc/sysctl.conf and then reboot or run the command 'sysctl vm.overcommit_memory=1' for this to take effect.
1:M 29 Jan 11:18:46.039 # WARNING you have Transparent Huge Pages (THP) support enabled in your kernel. This will create latency and memory usage issues with Redis. To fix this issue run the command 'echo never > /sys/kernel/mm/transparent_hugepage/enabled' as root, and add it to your /etc/rc.local in order to retain the setting after a reboot. Redis must be restarted after THP is disabled.
1:signal-handler (1517292367) Received SIGTERM scheduling shutdown...
1:M 30 Jan 14:06:07.530 # User requested shutdown...
1:M 30 Jan 14:06:09.653 # Redis is now ready to exit, bye bye...
1:M 30 Jan 14:07:52.199 # WARNING: The TCP backlog setting of 511 cannot be enforced because /proc/sys/net/core/somaxconn is set to the lower value of 128.
1:M 30 Jan 14:07:52.199 # Server started, Redis version 3.2.11
1:M 30 Jan 14:07:52.235 # WARNING overcommit_memory is set to 0! Background save may fail under low memory condition. To fix this issue add 'vm.overcommit_memory = 1' to /etc/sysctl.conf and then reboot or run the command 'sysctl vm.overcommit_memory=1' for this to take effect.
1:M 30 Jan 14:07:52.235 # WARNING you have Transparent Huge Pages (THP) support enabled in your kernel. This will create latency and memory usage issues with Redis. To fix this issue run the command 'echo never > /sys/kernel/mm/transparent_hugepage/enabled' as root, and add it to your /etc/rc.local in order to retain the setting after a reboot. Redis must be restarted after THP is disabled.
1:signal-handler (1517296072) Received SIGTERM scheduling shutdown...
1:M 30 Jan 15:07:52.994 # User requested shutdown...
1:M 30 Jan 15:07:53.013 # Redis is now ready to exit, bye bye...
1:M 30 Jan 15:08:13.937 # WARNING: The TCP backlog setting of 511 cannot be enforced because /proc/sys/net/core/somaxconn is set to the lower value of 128.
1:M 30 Jan 15:08:13.937 # Server started, Redis version 3.2.11
1:M 30 Jan 15:08:13.937 # WARNING overcommit_memory is set to 0! Background save may fail under low memory condition. To fix this issue add 'vm.overcommit_memory = 1' to /etc/sysctl.conf and then reboot or run the command 'sysctl vm.overcommit_memory=1' for this to take effect.
1:M 30 Jan 15:08:13.937 # WARNING you have Transparent Huge Pages (THP) support enabled in your kernel. This will create latency and memory usage issues with Redis. To fix this issue run the command 'echo never > /sys/kernel/mm/transparent_hugepage/enabled' as root, and add it to your /etc/rc.local in order to retain the setting after a reboot. Redis must be restarted after THP is disabled.
1:signal-handler (1517474579) Received SIGTERM scheduling shutdown...
1:M 01 Feb 16:42:59.692 # User requested shutdown...
1:M 01 Feb 16:43:00.448 # Redis is now ready to exit, bye bye...
1:M 01 Feb 16:46:31.735 # WARNING: The TCP backlog setting of 511 cannot be enforced because /proc/sys/net/core/somaxconn is set to the lower value of 128.
1:M 01 Feb 16:46:31.735 # Server started, Redis version 3.2.11
1:M 01 Feb 16:46:31.735 # WARNING overcommit_memory is set to 0! Background save may fail under low memory condition. To fix this issue add 'vm.overcommit_memory = 1' to /etc/sysctl.conf and then reboot or run the command 'sysctl vm.overcommit_memory=1' for this to take effect.
1:M 01 Feb 16:46:31.749 # WARNING you have Transparent Huge Pages (THP) support enabled in your kernel. This will create latency and memory usage issues with Redis. To fix this issue run the command 'echo never > /sys/kernel/mm/transparent_hugepage/enabled' as root, and add it to your /etc/rc.local in order to retain the setting after a reboot. Redis must be restarted after THP is disabled.
1:M 01 Feb 19:23:23.588 # WARNING: The TCP backlog setting of 511 cannot be enforced because /proc/sys/net/core/somaxconn is set to the lower value of 128.
1:M 01 Feb 19:23:23.588 # Server started, Redis version 3.2.11
1:M 01 Feb 19:23:23.588 # WARNING overcommit_memory is set to 0! Background save may fail under low memory condition. To fix this issue add 'vm.overcommit_memory = 1' to /etc/sysctl.conf and then reboot or run the command 'sysctl vm.overcommit_memory=1' for this to take effect.
1:M 01 Feb 19:23:23.588 # WARNING you have Transparent Huge Pages (THP) support enabled in your kernel. This will create latency and memory usage issues with Redis. To fix this issue run the command 'echo never > /sys/kernel/mm/transparent_hugepage/enabled' as root, and add it to your /etc/rc.local in order to retain the setting after a reboot. Redis must be restarted after THP is disabled.
1:signal-handler (1517542766) Received SIGTERM scheduling shutdown...
1:M 02 Feb 11:39:26.825 # User requested shutdown...
1:M 02 Feb 11:39:28.203 # Redis is now ready to exit, bye bye...
